[ 2016-07-31T01:33:59+08:00 ] 192.168.1.103 /home/member/loginview
INFO: [ app_init ] --START--
INFO: Run Behavior\BuildLiteBehavior [ RunTime:0.000039s ]
INFO: [ app_init ] --END-- [ RunTime:0.003230s ]
INFO: [ app_begin ] --START--
INFO: Run Behavior\ReadHtmlCacheBehavior [ RunTime:0.003836s ]
INFO: [ app_begin ] --END-- [ RunTime:0.004008s ]
INFO: [ view_parse ] --START--
NOTIC: [2] file_get_contents(./Application/Common/View/View/header.html): failed to open stream: No such file or directory /data/html/tp3.2/ThinkPHP/Library/Think/Template.class.php 第 696 行.
NOTIC: [2] file_get_contents(./Application/Common/View/View/footer.html): failed to open stream: No such file or directory /data/html/tp3.2/ThinkPHP/Library/Think/Template.class.php 第 696 行.
INFO: [ template_filter ] --START--
INFO: Run Behavior\ContentReplaceBehavior [ RunTime:0.000110s ]
INFO: [ template_filter ] --END-- [ RunTime:0.000293s ]
INFO: Run Behavior\ParseTemplateBehavior [ RunTime:0.039544s ]
INFO: [ view_parse ] --END-- [ RunTime:0.039691s ]
INFO: [ view_filter ] --START--
INFO: Run Behavior\WriteHtmlCacheBehavior [ RunTime:0.003635s ]
INFO: [ view_filter ] --END-- [ RunTime:0.003746s ]
INFO: [ app_end ] --START--
INFO: Run Behavior\ShowPageTraceBehavior [ RunTime:0.004044s ]
INFO: [ app_end ] --END-- [ RunTime:0.004336s ]

[ 2016-07-31T01:34:00+08:00 ] 192.168.1.103 /Home/member/login.html
INFO: [ app_init ] --START--
INFO: Run Behavior\BuildLiteBehavior [ RunTime:0.000035s ]
INFO: [ app_init ] --END-- [ RunTime:0.002877s ]
INFO: [ app_begin ] --START--
INFO: Run Behavior\ReadHtmlCacheBehavior [ RunTime:0.002780s ]
INFO: [ app_begin ] --END-- [ RunTime:0.002956s ]
SQL: SHOW COLUMNS FROM `member` [ RunTime:0.0097s ]
SQL: SELECT * FROM `member` LIMIT 1   [ RunTime:0.0010s ]

[ 2016-07-31T01:34:01+08:00 ] 192.168.1.103 /Home/index/index.html
INFO: [ app_init ] --START--
INFO: Run Behavior\BuildLiteBehavior [ RunTime:0.000031s ]
INFO: [ app_init ] --END-- [ RunTime:0.001525s ]
INFO: [ app_begin ] --START--
INFO: Run Behavior\ReadHtmlCacheBehavior [ RunTime:0.002488s ]
INFO: [ app_begin ] --END-- [ RunTime:0.002726s ]
INFO: [ view_parse ] --START--
INFO: [ template_filter ] --START--
INFO: Run Behavior\ContentReplaceBehavior [ RunTime:0.000065s ]
INFO: [ template_filter ] --END-- [ RunTime:0.000164s ]
INFO: Run Behavior\ParseTemplateBehavior [ RunTime:0.025563s ]
INFO: [ view_parse ] --END-- [ RunTime:0.025689s ]
INFO: [ view_filter ] --START--
INFO: Run Behavior\WriteHtmlCacheBehavior [ RunTime:0.002201s ]
INFO: [ view_filter ] --END-- [ RunTime:0.002288s ]
INFO: [ app_end ] --START--
INFO: Run Behavior\ShowPageTraceBehavior [ RunTime:0.002947s ]
INFO: [ app_end ] --END-- [ RunTime:0.003033s ]

[ 2016-07-31T01:34:24+08:00 ] 192.168.1.103 /Home/member/login.html
INFO: [ app_init ] --START--
INFO: Run Behavior\BuildLiteBehavior [ RunTime:0.000041s ]
INFO: [ app_init ] --END-- [ RunTime:0.003476s ]
INFO: [ app_begin ] --START--
INFO: Run Behavior\ReadHtmlCacheBehavior [ RunTime:0.003687s ]
INFO: [ app_begin ] --END-- [ RunTime:0.003851s ]
SQL: SHOW COLUMNS FROM `member` [ RunTime:0.0116s ]
SQL: SELECT * FROM `member` LIMIT 1   [ RunTime:0.0008s ]

[ 2016-07-31T01:34:24+08:00 ] 192.168.1.103 /Home/index/index.html
INFO: [ app_init ] --START--
INFO: Run Behavior\BuildLiteBehavior [ RunTime:0.000115s ]
INFO: [ app_init ] --END-- [ RunTime:0.002113s ]
INFO: [ app_begin ] --START--
INFO: Run Behavior\ReadHtmlCacheBehavior [ RunTime:0.002594s ]
INFO: [ app_begin ] --END-- [ RunTime:0.002766s ]
INFO: [ view_parse ] --START--
INFO: [ template_filter ] --START--
INFO: Run Behavior\ContentReplaceBehavior [ RunTime:0.000077s ]
INFO: [ template_filter ] --END-- [ RunTime:0.000199s ]
INFO: Run Behavior\ParseTemplateBehavior [ RunTime:0.034718s ]
INFO: [ view_parse ] --END-- [ RunTime:0.034919s ]
INFO: [ view_filter ] --START--
INFO: Run Behavior\WriteHtmlCacheBehavior [ RunTime:0.002407s ]
INFO: [ view_filter ] --END-- [ RunTime:0.002519s ]
INFO: [ app_end ] --START--
INFO: Run Behavior\ShowPageTraceBehavior [ RunTime:0.004470s ]
INFO: [ app_end ] --END-- [ RunTime:0.004640s ]

