[ 2016-07-28T01:07:35+08:00 ] 192.168.0.100 /index.php/home/member/loginview
INFO: [ app_init ] --START--
INFO: Run Behavior\BuildLiteBehavior [ RunTime:0.000037s ]
INFO: [ app_init ] --END-- [ RunTime:0.004243s ]
INFO: [ app_begin ] --START--
INFO: Run Behavior\ReadHtmlCacheBehavior [ RunTime:0.003875s ]
INFO: [ app_begin ] --END-- [ RunTime:0.004092s ]
INFO: [ view_parse ] --START--
INFO: [ template_filter ] --START--
INFO: Run Behavior\ContentReplaceBehavior [ RunTime:0.000159s ]
INFO: [ template_filter ] --END-- [ RunTime:0.000322s ]
INFO: Run Behavior\ParseTemplateBehavior [ RunTime:0.038542s ]
INFO: [ view_parse ] --END-- [ RunTime:0.038710s ]
INFO: [ view_filter ] --START--
INFO: Run Behavior\WriteHtmlCacheBehavior [ RunTime:0.002119s ]
INFO: [ view_filter ] --END-- [ RunTime:0.002223s ]
INFO: [ app_end ] --START--
INFO: Run Behavior\ShowPageTraceBehavior [ RunTime:0.003869s ]
INFO: [ app_end ] --END-- [ RunTime:0.004166s ]

[ 2016-07-28T01:07:37+08:00 ] 192.168.0.100 /index.php/Home/Member/login
INFO: [ app_init ] --START--
INFO: Run Behavior\BuildLiteBehavior [ RunTime:0.000236s ]
INFO: [ app_init ] --END-- [ RunTime:0.003521s ]
INFO: [ app_begin ] --START--
INFO: Run Behavior\ReadHtmlCacheBehavior [ RunTime:0.004271s ]
INFO: [ app_begin ] --END-- [ RunTime:0.004451s ]
ERR: SQLSTATE[HY000] [2013] Lost connection to MySQL server at 'reading initial communication packet', system error: 111

[ 2016-07-28T01:09:15+08:00 ] 192.168.0.100 /index.php/Home/Member/login
INFO: [ app_init ] --START--
INFO: Run Behavior\BuildLiteBehavior [ RunTime:0.000040s ]
INFO: [ app_init ] --END-- [ RunTime:0.004708s ]
INFO: [ app_begin ] --START--
INFO: Run Behavior\ReadHtmlCacheBehavior [ RunTime:0.003087s ]
INFO: [ app_begin ] --END-- [ RunTime:0.003252s ]
SQL: SHOW COLUMNS FROM `member` [ RunTime:0.0094s ]
SQL: SELECT * FROM `member` LIMIT 1   [ RunTime:0.0011s ]

