[ 2016-08-19T01:10:15+08:00 ] 192.168.0.102 /Home/member/loginOut.html
INFO: [ app_init ] --START--
INFO: Run Behavior\BuildLiteBehavior [ RunTime:0.000037s ]
INFO: [ app_init ] --END-- [ RunTime:0.002830s ]
INFO: [ app_begin ] --START--
INFO: Run Behavior\ReadHtmlCacheBehavior [ RunTime:0.003952s ]
INFO: [ app_begin ] --END-- [ RunTime:0.004290s ]

[ 2016-08-19T01:10:16+08:00 ] 192.168.0.102 /Home/Member/loginView.html
INFO: [ app_init ] --START--
INFO: Run Behavior\BuildLiteBehavior [ RunTime:0.000033s ]
INFO: [ app_init ] --END-- [ RunTime:0.002484s ]
INFO: [ app_begin ] --START--
INFO: Run Behavior\ReadHtmlCacheBehavior [ RunTime:0.002078s ]
INFO: [ app_begin ] --END-- [ RunTime:0.002985s ]
INFO: [ view_parse ] --START--
INFO: [ template_filter ] --START--
INFO: Run Behavior\ContentReplaceBehavior [ RunTime:0.000090s ]
INFO: [ template_filter ] --END-- [ RunTime:0.000224s ]
INFO: Run Behavior\ParseTemplateBehavior [ RunTime:0.040753s ]
INFO: [ view_parse ] --END-- [ RunTime:0.040888s ]
INFO: [ view_filter ] --START--
INFO: Run Behavior\WriteHtmlCacheBehavior [ RunTime:0.002853s ]
INFO: [ view_filter ] --END-- [ RunTime:0.002954s ]
INFO: [ app_end ] --START--
INFO: Run Behavior\ShowPageTraceBehavior [ RunTime:0.003316s ]
INFO: [ app_end ] --END-- [ RunTime:0.003536s ]

[ 2016-08-19T01:10:16+08:00 ] 192.168.0.102 /Home/member/getValidCode.html
INFO: [ app_init ] --START--
INFO: Run Behavior\BuildLiteBehavior [ RunTime:0.000059s ]
INFO: [ app_init ] --END-- [ RunTime:0.007583s ]
INFO: [ app_begin ] --START--
INFO: Run Behavior\ReadHtmlCacheBehavior [ RunTime:0.005197s ]
INFO: [ app_begin ] --END-- [ RunTime:0.005565s ]
NOTIC: [8] Undefined index: fontsize /data/html/tp3.2/Application/Common/Util/ValidCode.class.php 第 37 行.
INFO: [ app_end ] --START--
INFO: Run Behavior\ShowPageTraceBehavior [ RunTime:0.011573s ]
INFO: [ app_end ] --END-- [ RunTime:0.011770s ]

[ 2016-08-19T01:10:31+08:00 ] 192.168.0.102 /home/member/login
INFO: [ app_init ] --START--
INFO: Run Behavior\BuildLiteBehavior [ RunTime:0.000035s ]
INFO: [ app_init ] --END-- [ RunTime:0.002754s ]
INFO: [ app_begin ] --START--
INFO: Run Behavior\ReadHtmlCacheBehavior [ RunTime:0.003378s ]
INFO: [ app_begin ] --END-- [ RunTime:0.003506s ]

[ 2016-08-19T01:10:31+08:00 ] 192.168.0.102 /home/member/getValidCode?0.4759869279805571
INFO: [ app_init ] --START--
INFO: Run Behavior\BuildLiteBehavior [ RunTime:0.000035s ]
INFO: [ app_init ] --END-- [ RunTime:0.002350s ]
INFO: [ app_begin ] --START--
INFO: Run Behavior\ReadHtmlCacheBehavior [ RunTime:0.002566s ]
INFO: [ app_begin ] --END-- [ RunTime:0.002751s ]
NOTIC: [8] Undefined index: fontsize /data/html/tp3.2/Application/Common/Util/ValidCode.class.php 第 37 行.
INFO: [ app_end ] --START--
INFO: Run Behavior\ShowPageTraceBehavior [ RunTime:0.004164s ]
INFO: [ app_end ] --END-- [ RunTime:0.004374s ]

[ 2016-08-19T01:10:35+08:00 ] 192.168.0.102 /home/member/login
INFO: [ app_init ] --START--
INFO: Run Behavior\BuildLiteBehavior [ RunTime:0.000051s ]
INFO: [ app_init ] --END-- [ RunTime:0.003372s ]
INFO: [ app_begin ] --START--
INFO: Run Behavior\ReadHtmlCacheBehavior [ RunTime:0.003540s ]
INFO: [ app_begin ] --END-- [ RunTime:0.003723s ]
SQL: SHOW COLUMNS FROM `member` [ RunTime:0.0120s ]
SQL: SELECT * FROM `member` LIMIT 1   [ RunTime:0.0010s ]

[ 2016-08-19T01:10:35+08:00 ] 192.168.0.102 /home/Index/Index
INFO: [ app_init ] --START--
INFO: Run Behavior\BuildLiteBehavior [ RunTime:0.000036s ]
INFO: [ app_init ] --END-- [ RunTime:0.002067s ]
INFO: [ app_begin ] --START--
INFO: Run Behavior\ReadHtmlCacheBehavior [ RunTime:0.002679s ]
INFO: [ app_begin ] --END-- [ RunTime:0.002796s ]
INFO: [ view_parse ] --START--
INFO: [ template_filter ] --START--
INFO: Run Behavior\ContentReplaceBehavior [ RunTime:0.000155s ]
INFO: [ template_filter ] --END-- [ RunTime:0.000402s ]
INFO: Run Behavior\ParseTemplateBehavior [ RunTime:0.061337s ]
INFO: [ view_parse ] --END-- [ RunTime:0.061465s ]
INFO: [ view_filter ] --START--
INFO: Run Behavior\WriteHtmlCacheBehavior [ RunTime:0.002762s ]
INFO: [ view_filter ] --END-- [ RunTime:0.002868s ]
INFO: [ app_end ] --START--
INFO: Run Behavior\ShowPageTraceBehavior [ RunTime:0.003694s ]
INFO: [ app_end ] --END-- [ RunTime:0.003827s ]

[ 2016-08-19T23:56:43+08:00 ] 192.168.0.101 /
INFO: [ app_init ] --START--
INFO: Run Behavior\BuildLiteBehavior [ RunTime:0.000058s ]
INFO: [ app_init ] --END-- [ RunTime:0.012990s ]
INFO: [ app_begin ] --START--
INFO: Run Behavior\ReadHtmlCacheBehavior [ RunTime:0.011467s ]
INFO: [ app_begin ] --END-- [ RunTime:0.011626s ]
INFO: [ view_parse ] --START--
INFO: [ template_filter ] --START--
INFO: Run Behavior\ContentReplaceBehavior [ RunTime:0.000153s ]
INFO: [ template_filter ] --END-- [ RunTime:0.000413s ]
INFO: Run Behavior\ParseTemplateBehavior [ RunTime:0.119073s ]
INFO: [ view_parse ] --END-- [ RunTime:0.119210s ]
INFO: [ view_filter ] --START--
INFO: Run Behavior\WriteHtmlCacheBehavior [ RunTime:0.011463s ]
INFO: [ view_filter ] --END-- [ RunTime:0.011586s ]
INFO: [ app_end ] --START--
INFO: Run Behavior\ShowPageTraceBehavior [ RunTime:0.018803s ]
INFO: [ app_end ] --END-- [ RunTime:0.018950s ]

