[ 2016-08-21T21:58:53+08:00 ] 192.168.0.102 /favicon.ico
INFO: [ app_init ] --START--
INFO: Run Behavior\BuildLiteBehavior [ RunTime:0.000029s ]
INFO: [ app_init ] --END-- [ RunTime:0.002345s ]
ERR: 无法加载模块:Favicon

[ 2016-08-21T21:58:53+08:00 ] 192.168.0.102 /index.php/home/member/loginview
INFO: [ app_init ] --START--
INFO: Run Behavior\BuildLiteBehavior [ RunTime:0.000033s ]
INFO: [ app_init ] --END-- [ RunTime:0.002554s ]
ERR: 无法加载模块:Index.php

[ 2016-08-21T21:59:28+08:00 ] 192.168.0.102 /index.php/home/member/loginview
INFO: [ app_init ] --START--
INFO: Run Behavior\BuildLiteBehavior [ RunTime:0.000039s ]
INFO: [ app_init ] --END-- [ RunTime:0.004015s ]
ERR: 无法加载模块:Index.php

[ 2016-08-21T21:59:29+08:00 ] 192.168.0.102 /index.php/home/member/loginview
INFO: [ app_init ] --START--
INFO: Run Behavior\BuildLiteBehavior [ RunTime:0.000036s ]
INFO: [ app_init ] --END-- [ RunTime:0.002623s ]
ERR: 无法加载模块:Index.php

[ 2016-08-21T21:59:29+08:00 ] 192.168.0.102 /index.php/home/member/loginview
INFO: [ app_init ] --START--
INFO: Run Behavior\BuildLiteBehavior [ RunTime:0.000036s ]
INFO: [ app_init ] --END-- [ RunTime:0.002713s ]
ERR: 无法加载模块:Index.php

[ 2016-08-21T21:59:30+08:00 ] 192.168.0.102 /index.php/home/member/loginview
INFO: [ app_init ] --START--
INFO: Run Behavior\BuildLiteBehavior [ RunTime:0.000033s ]
INFO: [ app_init ] --END-- [ RunTime:0.002601s ]
ERR: 无法加载模块:Index.php

[ 2016-08-21T21:59:30+08:00 ] 192.168.0.102 /index.php/home/member/loginview
INFO: [ app_init ] --START--
INFO: Run Behavior\BuildLiteBehavior [ RunTime:0.000034s ]
INFO: [ app_init ] --END-- [ RunTime:0.002064s ]
ERR: 无法加载模块:Index.php

[ 2016-08-21T21:59:30+08:00 ] 192.168.0.102 /index.php/home/member/loginview
INFO: [ app_init ] --START--
INFO: Run Behavior\BuildLiteBehavior [ RunTime:0.000035s ]
INFO: [ app_init ] --END-- [ RunTime:0.002532s ]
ERR: 无法加载模块:Index.php

[ 2016-08-21T21:59:30+08:00 ] 192.168.0.102 /index.php/home/member/loginview
INFO: [ app_init ] --START--
INFO: Run Behavior\BuildLiteBehavior [ RunTime:0.000032s ]
INFO: [ app_init ] --END-- [ RunTime:0.002362s ]
ERR: 无法加载模块:Index.php

[ 2016-08-21T21:59:30+08:00 ] 192.168.0.102 /index.php/home/member/loginview
INFO: [ app_init ] --START--
INFO: Run Behavior\BuildLiteBehavior [ RunTime:0.000033s ]
INFO: [ app_init ] --END-- [ RunTime:0.002367s ]
ERR: 无法加载模块:Index.php

[ 2016-08-21T21:59:31+08:00 ] 192.168.0.102 /index.php/home/member/loginview
INFO: [ app_init ] --START--
INFO: Run Behavior\BuildLiteBehavior [ RunTime:0.000035s ]
INFO: [ app_init ] --END-- [ RunTime:0.002413s ]
ERR: 无法加载模块:Index.php

[ 2016-08-21T21:59:31+08:00 ] 192.168.0.102 /index.php/home/member/loginview
INFO: [ app_init ] --START--
INFO: Run Behavior\BuildLiteBehavior [ RunTime:0.000034s ]
INFO: [ app_init ] --END-- [ RunTime:0.002108s ]
ERR: 无法加载模块:Index.php

[ 2016-08-21T21:59:31+08:00 ] 192.168.0.102 /index.php/home/member/loginview
INFO: [ app_init ] --START--
INFO: Run Behavior\BuildLiteBehavior [ RunTime:0.000033s ]
INFO: [ app_init ] --END-- [ RunTime:0.001871s ]
ERR: 无法加载模块:Index.php

[ 2016-08-21T21:59:31+08:00 ] 192.168.0.102 /index.php/home/member/loginview
INFO: [ app_init ] --START--
INFO: Run Behavior\BuildLiteBehavior [ RunTime:0.000033s ]
INFO: [ app_init ] --END-- [ RunTime:0.002152s ]
ERR: 无法加载模块:Index.php

[ 2016-08-21T21:59:31+08:00 ] 192.168.0.102 /index.php/home/member/loginview
INFO: [ app_init ] --START--
INFO: Run Behavior\BuildLiteBehavior [ RunTime:0.000090s ]
INFO: [ app_init ] --END-- [ RunTime:0.002544s ]
ERR: 无法加载模块:Index.php

[ 2016-08-21T21:59:52+08:00 ] 192.168.0.102 /index.php/home/member/loginview
INFO: [ app_init ] --START--
INFO: Run Behavior\BuildLiteBehavior [ RunTime:0.000036s ]
INFO: [ app_init ] --END-- [ RunTime:0.003296s ]
ERR: 无法加载模块:Index.php

[ 2016-08-21T21:59:53+08:00 ] 192.168.0.102 /index.php/home/member/loginview
INFO: [ app_init ] --START--
INFO: Run Behavior\BuildLiteBehavior [ RunTime:0.000036s ]
INFO: [ app_init ] --END-- [ RunTime:0.002844s ]
ERR: 无法加载模块:Index.php

[ 2016-08-21T21:59:54+08:00 ] 192.168.0.102 /index.php/home/member/loginview
INFO: [ app_init ] --START--
INFO: Run Behavior\BuildLiteBehavior [ RunTime:0.000037s ]
INFO: [ app_init ] --END-- [ RunTime:0.002661s ]
ERR: 无法加载模块:Index.php

[ 2016-08-21T21:59:54+08:00 ] 192.168.0.102 /index.php/home/member/loginview
INFO: [ app_init ] --START--
INFO: Run Behavior\BuildLiteBehavior [ RunTime:0.000031s ]
INFO: [ app_init ] --END-- [ RunTime:0.001897s ]
ERR: 无法加载模块:Index.php

[ 2016-08-21T21:59:54+08:00 ] 192.168.0.102 /index.php/home/member/loginview
INFO: [ app_init ] --START--
INFO: Run Behavior\BuildLiteBehavior [ RunTime:0.000033s ]
INFO: [ app_init ] --END-- [ RunTime:0.002172s ]
ERR: 无法加载模块:Index.php

[ 2016-08-21T21:59:55+08:00 ] 192.168.0.102 /index.php/home/member/loginview
INFO: [ app_init ] --START--
INFO: Run Behavior\BuildLiteBehavior [ RunTime:0.000034s ]
INFO: [ app_init ] --END-- [ RunTime:0.001812s ]
ERR: 无法加载模块:Index.php

[ 2016-08-21T21:59:55+08:00 ] 192.168.0.102 /index.php/home/member/loginview
INFO: [ app_init ] --START--
INFO: Run Behavior\BuildLiteBehavior [ RunTime:0.000034s ]
INFO: [ app_init ] --END-- [ RunTime:0.002597s ]
ERR: 无法加载模块:Index.php

[ 2016-08-21T21:59:55+08:00 ] 192.168.0.102 /index.php/home/member/loginview
INFO: [ app_init ] --START--
INFO: Run Behavior\BuildLiteBehavior [ RunTime:0.000034s ]
INFO: [ app_init ] --END-- [ RunTime:0.002990s ]
ERR: 无法加载模块:Index.php

[ 2016-08-21T21:59:55+08:00 ] 192.168.0.102 /index.php/home/member/loginview
INFO: [ app_init ] --START--
INFO: Run Behavior\BuildLiteBehavior [ RunTime:0.000034s ]
INFO: [ app_init ] --END-- [ RunTime:0.002267s ]
ERR: 无法加载模块:Index.php

[ 2016-08-21T21:59:55+08:00 ] 192.168.0.102 /index.php/home/member/loginview
INFO: [ app_init ] --START--
INFO: Run Behavior\BuildLiteBehavior [ RunTime:0.000035s ]
INFO: [ app_init ] --END-- [ RunTime:0.002679s ]
ERR: 无法加载模块:Index.php

[ 2016-08-21T21:59:56+08:00 ] 192.168.0.102 /index.php/home/member/loginview
INFO: [ app_init ] --START--
INFO: Run Behavior\BuildLiteBehavior [ RunTime:0.000034s ]
INFO: [ app_init ] --END-- [ RunTime:0.001892s ]
ERR: 无法加载模块:Index.php

[ 2016-08-21T21:59:56+08:00 ] 192.168.0.102 /index.php/home/member/loginview
INFO: [ app_init ] --START--
INFO: Run Behavior\BuildLiteBehavior [ RunTime:0.000034s ]
INFO: [ app_init ] --END-- [ RunTime:0.002442s ]
ERR: 无法加载模块:Index.php

[ 2016-08-21T21:59:56+08:00 ] 192.168.0.102 /index.php/home/member/loginview
INFO: [ app_init ] --START--
INFO: Run Behavior\BuildLiteBehavior [ RunTime:0.000036s ]
INFO: [ app_init ] --END-- [ RunTime:0.002760s ]
ERR: 无法加载模块:Index.php

[ 2016-08-21T21:59:56+08:00 ] 192.168.0.102 /index.php/home/member/loginview
INFO: [ app_init ] --START--
INFO: Run Behavior\BuildLiteBehavior [ RunTime:0.000034s ]
INFO: [ app_init ] --END-- [ RunTime:0.002344s ]
ERR: 无法加载模块:Index.php

[ 2016-08-21T21:59:57+08:00 ] 192.168.0.102 /index.php/home/member/loginview
INFO: [ app_init ] --START--
INFO: Run Behavior\BuildLiteBehavior [ RunTime:0.000032s ]
INFO: [ app_init ] --END-- [ RunTime:0.002296s ]
ERR: 无法加载模块:Index.php

[ 2016-08-21T21:59:57+08:00 ] 192.168.0.102 /index.php/home/member/loginview
INFO: [ app_init ] --START--
INFO: Run Behavior\BuildLiteBehavior [ RunTime:0.000072s ]
INFO: [ app_init ] --END-- [ RunTime:0.002245s ]
ERR: 无法加载模块:Index.php

[ 2016-08-21T21:59:57+08:00 ] 192.168.0.102 /index.php/home/member/loginview
INFO: [ app_init ] --START--
INFO: Run Behavior\BuildLiteBehavior [ RunTime:0.000038s ]
INFO: [ app_init ] --END-- [ RunTime:0.002929s ]
ERR: 无法加载模块:Index.php

[ 2016-08-21T21:59:57+08:00 ] 192.168.0.102 /index.php/home/member/loginview
INFO: [ app_init ] --START--
INFO: Run Behavior\BuildLiteBehavior [ RunTime:0.000038s ]
INFO: [ app_init ] --END-- [ RunTime:0.003053s ]
ERR: 无法加载模块:Index.php

[ 2016-08-21T22:01:18+08:00 ] 192.168.0.102 /index.php/home/member/loginview
INFO: [ app_init ] --START--
INFO: Run Behavior\BuildLiteBehavior [ RunTime:0.000072s ]
INFO: [ app_init ] --END-- [ RunTime:0.003239s ]
ERR: 无法加载模块:Index.php

[ 2016-08-21T22:01:19+08:00 ] 192.168.0.102 /index.php/home/member/loginview
INFO: [ app_init ] --START--
INFO: Run Behavior\BuildLiteBehavior [ RunTime:0.000041s ]
INFO: [ app_init ] --END-- [ RunTime:0.005777s ]
ERR: 无法加载模块:Index.php

[ 2016-08-21T22:02:12+08:00 ] 192.168.0.102 /index.php/home/member/loginview
INFO: [ app_init ] --START--
INFO: Run Behavior\BuildLiteBehavior [ RunTime:0.000038s ]
INFO: [ app_init ] --END-- [ RunTime:0.002751s ]
ERR: 无法加载模块:Index.php

[ 2016-08-21T22:02:13+08:00 ] 192.168.0.102 /index.php/home/member/loginview
INFO: [ app_init ] --START--
INFO: Run Behavior\BuildLiteBehavior [ RunTime:0.000036s ]
INFO: [ app_init ] --END-- [ RunTime:0.002412s ]
ERR: 无法加载模块:Index.php

[ 2016-08-21T22:02:13+08:00 ] 192.168.0.102 /index.php/home/member/loginview
INFO: [ app_init ] --START--
INFO: Run Behavior\BuildLiteBehavior [ RunTime:0.000036s ]
INFO: [ app_init ] --END-- [ RunTime:0.002596s ]
ERR: 无法加载模块:Index.php

[ 2016-08-21T22:02:14+08:00 ] 192.168.0.102 /index.php/home/member/loginview
INFO: [ app_init ] --START--
INFO: Run Behavior\BuildLiteBehavior [ RunTime:0.000035s ]
INFO: [ app_init ] --END-- [ RunTime:0.002286s ]
ERR: 无法加载模块:Index.php

[ 2016-08-21T22:02:14+08:00 ] 192.168.0.102 /index.php/home/member/loginview
INFO: [ app_init ] --START--
INFO: Run Behavior\BuildLiteBehavior [ RunTime:0.000073s ]
INFO: [ app_init ] --END-- [ RunTime:0.002561s ]
ERR: 无法加载模块:Index.php

[ 2016-08-21T22:02:14+08:00 ] 192.168.0.102 /index.php/home/member/loginview
INFO: [ app_init ] --START--
INFO: Run Behavior\BuildLiteBehavior [ RunTime:0.000034s ]
INFO: [ app_init ] --END-- [ RunTime:0.002319s ]
ERR: 无法加载模块:Index.php

[ 2016-08-21T22:03:27+08:00 ] 192.168.0.102 /index.php/home/member/loginview
INFO: [ app_init ] --START--
INFO: Run Behavior\BuildLiteBehavior [ RunTime:0.000042s ]
INFO: [ app_init ] --END-- [ RunTime:0.003513s ]
ERR: 无法加载模块:Index.php

[ 2016-08-21T22:03:28+08:00 ] 192.168.0.102 /index.php/home/member/loginview
INFO: [ app_init ] --START--
INFO: Run Behavior\BuildLiteBehavior [ RunTime:0.000043s ]
INFO: [ app_init ] --END-- [ RunTime:0.004168s ]
ERR: 无法加载模块:Index.php

[ 2016-08-21T22:03:29+08:00 ] 192.168.0.102 /index.php/home/member/loginview
INFO: [ app_init ] --START--
INFO: Run Behavior\BuildLiteBehavior [ RunTime:0.000037s ]
INFO: [ app_init ] --END-- [ RunTime:0.002448s ]
ERR: 无法加载模块:Index.php

[ 2016-08-21T22:07:16+08:00 ] 192.168.0.102 /index.php/home/member/loginview
INFO: [ app_init ] --START--
INFO: Run Behavior\BuildLiteBehavior [ RunTime:0.000038s ]
INFO: [ app_init ] --END-- [ RunTime:0.002889s ]
ERR: 无法加载模块:Index.php

