[ 2016-08-14T00:54:34+08:00 ] 192.168.1.103 /public/images/goodtime_logo1.png
INFO: [ app_init ] --START--
INFO: Run Behavior\BuildLiteBehavior [ RunTime:0.000052s ]
INFO: [ app_init ] --END-- [ RunTime:0.005447s ]
ERR: 无法加载模块:Public

[ 2016-08-14T01:36:16+08:00 ] 192.168.1.103 /public/images/category-cursor-icon.png
INFO: [ app_init ] --START--
INFO: Run Behavior\BuildLiteBehavior [ RunTime:0.000044s ]
INFO: [ app_init ] --END-- [ RunTime:0.010965s ]
ERR: 无法加载模块:Public

[ 2016-08-14T01:37:51+08:00 ] 192.168.1.103 /public/images/category-cursor-icon.png
INFO: [ app_init ] --START--
INFO: Run Behavior\BuildLiteBehavior [ RunTime:0.000044s ]
INFO: [ app_init ] --END-- [ RunTime:0.005515s ]
ERR: 无法加载模块:Public

[ 2016-08-14T01:37:54+08:00 ] 192.168.1.103 /public/images/category-cursor-icon.png
INFO: [ app_init ] --START--
INFO: Run Behavior\BuildLiteBehavior [ RunTime:0.000039s ]
INFO: [ app_init ] --END-- [ RunTime:0.006060s ]
ERR: 无法加载模块:Public

[ 2016-08-14T01:39:49+08:00 ] 192.168.1.103 /public/images/category-cursor-icon.png
INFO: [ app_init ] --START--
INFO: Run Behavior\BuildLiteBehavior [ RunTime:0.000147s ]
INFO: [ app_init ] --END-- [ RunTime:0.005234s ]
ERR: 无法加载模块:Public

[ 2016-08-14T01:41:09+08:00 ] 192.168.1.103 /public/images/category-cursor-icon.png
INFO: [ app_init ] --START--
INFO: Run Behavior\BuildLiteBehavior [ RunTime:0.000038s ]
INFO: [ app_init ] --END-- [ RunTime:0.005118s ]
ERR: 无法加载模块:Public

[ 2016-08-14T01:41:39+08:00 ] 192.168.1.103 /public/images/category-cursor-icon.png
INFO: [ app_init ] --START--
INFO: Run Behavior\BuildLiteBehavior [ RunTime:0.000031s ]
INFO: [ app_init ] --END-- [ RunTime:0.002132s ]
ERR: 无法加载模块:Public

[ 2016-08-14T01:41:40+08:00 ] 192.168.1.103 /public/images/category-cursor-icon.png
INFO: [ app_init ] --START--
INFO: Run Behavior\BuildLiteBehavior [ RunTime:0.000040s ]
INFO: [ app_init ] --END-- [ RunTime:0.002602s ]
ERR: 无法加载模块:Public

[ 2016-08-14T01:41:48+08:00 ] 192.168.1.103 /public/images/category-cursor-icon.png
INFO: [ app_init ] --START--
INFO: Run Behavior\BuildLiteBehavior [ RunTime:0.000045s ]
INFO: [ app_init ] --END-- [ RunTime:0.003651s ]
ERR: 无法加载模块:Public

[ 2016-08-14T02:06:45+08:00 ] 192.168.1.103 /public/images/looper_banner3.png
INFO: [ app_init ] --START--
INFO: Run Behavior\BuildLiteBehavior [ RunTime:0.000324s ]
INFO: [ app_init ] --END-- [ RunTime:0.011555s ]
ERR: 无法加载模块:Public

[ 2016-08-14T02:06:45+08:00 ] 192.168.1.103 /public/images/looper_banner2.png
INFO: [ app_init ] --START--
INFO: Run Behavior\BuildLiteBehavior [ RunTime:0.000043s ]
INFO: [ app_init ] --END-- [ RunTime:0.006845s ]
ERR: 无法加载模块:Public

[ 2016-08-14T02:06:45+08:00 ] 192.168.1.103 /public/images/looper_banner4.png
INFO: [ app_init ] --START--
INFO: Run Behavior\BuildLiteBehavior [ RunTime:0.000034s ]
INFO: [ app_init ] --END-- [ RunTime:0.006660s ]
ERR: 无法加载模块:Public

[ 2016-08-14T02:06:45+08:00 ] 192.168.1.103 /public/images/looper_banner1.png
INFO: [ app_init ] --START--
INFO: Run Behavior\BuildLiteBehavior [ RunTime:0.000105s ]
INFO: [ app_init ] --END-- [ RunTime:0.008726s ]
ERR: 无法加载模块:Public

[ 2016-08-14T02:07:13+08:00 ] 192.168.1.103 /public/images/looper-banner1.png
INFO: [ app_init ] --START--
INFO: Run Behavior\BuildLiteBehavior [ RunTime:0.000038s ]
INFO: [ app_init ] --END-- [ RunTime:0.006470s ]
ERR: 无法加载模块:Public

[ 2016-08-14T02:07:13+08:00 ] 192.168.1.103 /public/images/looper-banner2.png
INFO: [ app_init ] --START--
INFO: Run Behavior\BuildLiteBehavior [ RunTime:0.000034s ]
INFO: [ app_init ] --END-- [ RunTime:0.006537s ]
ERR: 无法加载模块:Public

[ 2016-08-14T02:07:13+08:00 ] 192.168.1.103 /public/images/looper-banner4.png
INFO: [ app_init ] --START--
INFO: Run Behavior\BuildLiteBehavior [ RunTime:0.000027s ]
INFO: [ app_init ] --END-- [ RunTime:0.006626s ]
ERR: 无法加载模块:Public

[ 2016-08-14T02:07:13+08:00 ] 192.168.1.103 /public/images/looper-banner3.png
INFO: [ app_init ] --START--
INFO: Run Behavior\BuildLiteBehavior [ RunTime:0.000046s ]
INFO: [ app_init ] --END-- [ RunTime:0.004548s ]
ERR: 无法加载模块:Public

[ 2016-08-14T02:07:19+08:00 ] 192.168.1.103 /public/images/looper-banner1.png
INFO: [ app_init ] --START--
INFO: Run Behavior\BuildLiteBehavior [ RunTime:0.000037s ]
INFO: [ app_init ] --END-- [ RunTime:0.008209s ]
ERR: 无法加载模块:Public

[ 2016-08-14T02:07:19+08:00 ] 192.168.1.103 /public/images/looper-banner4.png
INFO: [ app_init ] --START--
INFO: Run Behavior\BuildLiteBehavior [ RunTime:0.000027s ]
INFO: [ app_init ] --END-- [ RunTime:0.004779s ]
ERR: 无法加载模块:Public

[ 2016-08-14T02:07:19+08:00 ] 192.168.1.103 /public/images/looper-banner2.png
INFO: [ app_init ] --START--
INFO: Run Behavior\BuildLiteBehavior [ RunTime:0.000029s ]
INFO: [ app_init ] --END-- [ RunTime:0.004879s ]
ERR: 无法加载模块:Public

[ 2016-08-14T02:07:19+08:00 ] 192.168.1.103 /public/images/looper-banner3.png
INFO: [ app_init ] --START--
INFO: Run Behavior\BuildLiteBehavior [ RunTime:0.000126s ]
INFO: [ app_init ] --END-- [ RunTime:0.002839s ]
ERR: 无法加载模块:Public

[ 2016-08-14T02:07:36+08:00 ] 192.168.1.103 /public/images/looper-banner4.jpg
INFO: [ app_init ] --START--
INFO: Run Behavior\BuildLiteBehavior [ RunTime:0.000038s ]
INFO: [ app_init ] --END-- [ RunTime:0.002594s ]
ERR: 无法加载模块:Public

[ 2016-08-14T02:13:01+08:00 ] 192.168.1.103 /public/images/looper-banner4.jpg
INFO: [ app_init ] --START--
INFO: Run Behavior\BuildLiteBehavior [ RunTime:0.000037s ]
INFO: [ app_init ] --END-- [ RunTime:0.002096s ]
ERR: 无法加载模块:Public

[ 2016-08-14T02:14:14+08:00 ] 192.168.1.103 /public/images/looper-banner4.jpg
INFO: [ app_init ] --START--
INFO: Run Behavior\BuildLiteBehavior [ RunTime:0.000056s ]
INFO: [ app_init ] --END-- [ RunTime:0.005593s ]
ERR: 无法加载模块:Public

[ 2016-08-14T02:14:35+08:00 ] 192.168.1.103 /public/images/looper-banner4.jpg
INFO: [ app_init ] --START--
INFO: Run Behavior\BuildLiteBehavior [ RunTime:0.000044s ]
INFO: [ app_init ] --END-- [ RunTime:0.002328s ]
ERR: 无法加载模块:Public

[ 2016-08-14T02:14:36+08:00 ] 192.168.1.103 /public/images/looper-banner4.jpg
INFO: [ app_init ] --START--
INFO: Run Behavior\BuildLiteBehavior [ RunTime:0.000045s ]
INFO: [ app_init ] --END-- [ RunTime:0.007545s ]
ERR: 无法加载模块:Public

[ 2016-08-14T02:16:55+08:00 ] 192.168.1.103 /public/images/looper-banner4.jpg
INFO: [ app_init ] --START--
INFO: Run Behavior\BuildLiteBehavior [ RunTime:0.000044s ]
INFO: [ app_init ] --END-- [ RunTime:0.004875s ]
ERR: 无法加载模块:Public

[ 2016-08-14T02:16:58+08:00 ] 192.168.1.103 /public/images/looper-banner4.jpg
INFO: [ app_init ] --START--
INFO: Run Behavior\BuildLiteBehavior [ RunTime:0.000050s ]
INFO: [ app_init ] --END-- [ RunTime:0.006801s ]
ERR: 无法加载模块:Public

[ 2016-08-14T02:18:09+08:00 ] 192.168.1.103 /public/images/looper-banner4.jpg
INFO: [ app_init ] --START--
INFO: Run Behavior\BuildLiteBehavior [ RunTime:0.000031s ]
INFO: [ app_init ] --END-- [ RunTime:0.002706s ]
ERR: 无法加载模块:Public

[ 2016-08-14T02:22:25+08:00 ] 192.168.1.103 /public/images/looper-banner4.jpg
INFO: [ app_init ] --START--
INFO: Run Behavior\BuildLiteBehavior [ RunTime:0.000058s ]
INFO: [ app_init ] --END-- [ RunTime:0.002073s ]
ERR: 无法加载模块:Public

[ 2016-08-14T02:23:11+08:00 ] 192.168.1.103 /public/images/looper-banner4.jpg
INFO: [ app_init ] --START--
INFO: Run Behavior\BuildLiteBehavior [ RunTime:0.000208s ]
INFO: [ app_init ] --END-- [ RunTime:0.006501s ]
ERR: 无法加载模块:Public

[ 2016-08-14T02:24:19+08:00 ] 192.168.1.103 /public/images/looper-banner4.jpg
INFO: [ app_init ] --START--
INFO: Run Behavior\BuildLiteBehavior [ RunTime:0.000040s ]
INFO: [ app_init ] --END-- [ RunTime:0.006159s ]
ERR: 无法加载模块:Public

[ 2016-08-14T02:24:50+08:00 ] 192.168.1.103 /public/images/looper-banner4.jpg
INFO: [ app_init ] --START--
INFO: Run Behavior\BuildLiteBehavior [ RunTime:0.000053s ]
INFO: [ app_init ] --END-- [ RunTime:0.006612s ]
ERR: 无法加载模块:Public

[ 2016-08-14T02:26:01+08:00 ] 192.168.1.103 /public/images/looper-banner4.jpg
INFO: [ app_init ] --START--
INFO: Run Behavior\BuildLiteBehavior [ RunTime:0.000048s ]
INFO: [ app_init ] --END-- [ RunTime:0.005791s ]
ERR: 无法加载模块:Public

[ 2016-08-14T02:26:58+08:00 ] 192.168.1.103 /public/images/looper-banner4.jpg
INFO: [ app_init ] --START--
INFO: Run Behavior\BuildLiteBehavior [ RunTime:0.000048s ]
INFO: [ app_init ] --END-- [ RunTime:0.002556s ]
ERR: 无法加载模块:Public

[ 2016-08-14T02:33:38+08:00 ] 192.168.1.103 /public/images/looper-banner4.jpg
INFO: [ app_init ] --START--
INFO: Run Behavior\BuildLiteBehavior [ RunTime:0.000081s ]
INFO: [ app_init ] --END-- [ RunTime:0.004154s ]
ERR: 无法加载模块:Public

[ 2016-08-14T02:33:45+08:00 ] 192.168.1.103 /public/images/looper-banner4.jpg
INFO: [ app_init ] --START--
INFO: Run Behavior\BuildLiteBehavior [ RunTime:0.000040s ]
INFO: [ app_init ] --END-- [ RunTime:0.007762s ]
ERR: 无法加载模块:Public

[ 2016-08-14T02:33:52+08:00 ] 192.168.1.103 /public/images/looper-banner4.jpg
INFO: [ app_init ] --START--
INFO: Run Behavior\BuildLiteBehavior [ RunTime:0.000038s ]
INFO: [ app_init ] --END-- [ RunTime:0.003627s ]
ERR: 无法加载模块:Public

[ 2016-08-14T02:36:02+08:00 ] 192.168.1.103 /public/images/looper-banner4.jpg
INFO: [ app_init ] --START--
INFO: Run Behavior\BuildLiteBehavior [ RunTime:0.000046s ]
INFO: [ app_init ] --END-- [ RunTime:0.005153s ]
ERR: 无法加载模块:Public

[ 2016-08-14T02:37:27+08:00 ] 192.168.1.103 /public/images/looper-banner4.jpg
INFO: [ app_init ] --START--
INFO: Run Behavior\BuildLiteBehavior [ RunTime:0.000053s ]
INFO: [ app_init ] --END-- [ RunTime:0.008977s ]
ERR: 无法加载模块:Public

[ 2016-08-14T02:37:35+08:00 ] 192.168.1.103 /public/images/looper-banner4.jpg
INFO: [ app_init ] --START--
INFO: Run Behavior\BuildLiteBehavior [ RunTime:0.000040s ]
INFO: [ app_init ] --END-- [ RunTime:0.010122s ]
ERR: 无法加载模块:Public

[ 2016-08-14T02:40:06+08:00 ] 192.168.1.103 /public/images/looper-banner4.jpg
INFO: [ app_init ] --START--
INFO: Run Behavior\BuildLiteBehavior [ RunTime:0.000024s ]
INFO: [ app_init ] --END-- [ RunTime:0.001663s ]
ERR: 无法加载模块:Public

[ 2016-08-14T02:40:20+08:00 ] 192.168.1.103 /public/images/looper-banner4.jpg
INFO: [ app_init ] --START--
INFO: Run Behavior\BuildLiteBehavior [ RunTime:0.000033s ]
INFO: [ app_init ] --END-- [ RunTime:0.003492s ]
ERR: 无法加载模块:Public

[ 2016-08-14T02:40:25+08:00 ] 192.168.1.103 /public/images/looper-banner4.jpg
INFO: [ app_init ] --START--
INFO: Run Behavior\BuildLiteBehavior [ RunTime:0.000036s ]
INFO: [ app_init ] --END-- [ RunTime:0.005486s ]
ERR: 无法加载模块:Public

[ 2016-08-14T02:41:41+08:00 ] 192.168.1.103 /public/images/looper-banner4.jpg
INFO: [ app_init ] --START--
INFO: Run Behavior\BuildLiteBehavior [ RunTime:0.000039s ]
INFO: [ app_init ] --END-- [ RunTime:0.002314s ]
ERR: 无法加载模块:Public

[ 2016-08-14T02:41:46+08:00 ] 192.168.1.103 /public/images/looper-banner4.jpg
INFO: [ app_init ] --START--
INFO: Run Behavior\BuildLiteBehavior [ RunTime:0.000044s ]
INFO: [ app_init ] --END-- [ RunTime:0.002052s ]
ERR: 无法加载模块:Public

[ 2016-08-14T02:42:21+08:00 ] 192.168.1.103 /public/images/looper-banner4.jpg
INFO: [ app_init ] --START--
INFO: Run Behavior\BuildLiteBehavior [ RunTime:0.000045s ]
INFO: [ app_init ] --END-- [ RunTime:0.002381s ]
ERR: 无法加载模块:Public

[ 2016-08-14T02:47:07+08:00 ] 192.168.1.103 /public/images/looper-banner4.jpg
INFO: [ app_init ] --START--
INFO: Run Behavior\BuildLiteBehavior [ RunTime:0.000050s ]
INFO: [ app_init ] --END-- [ RunTime:0.009353s ]
ERR: 无法加载模块:Public

[ 2016-08-14T02:48:44+08:00 ] 192.168.1.103 /public/images/looper-banner4.jpg
INFO: [ app_init ] --START--
INFO: Run Behavior\BuildLiteBehavior [ RunTime:0.000025s ]
INFO: [ app_init ] --END-- [ RunTime:0.001360s ]
ERR: 无法加载模块:Public

[ 2016-08-14T02:48:49+08:00 ] 192.168.1.103 /public/images/looper-banner4.jpg
INFO: [ app_init ] --START--
INFO: Run Behavior\BuildLiteBehavior [ RunTime:0.000034s ]
INFO: [ app_init ] --END-- [ RunTime:0.003836s ]
ERR: 无法加载模块:Public

[ 2016-08-14T02:49:26+08:00 ] 192.168.1.103 /public/images/looper-banner4.jpg
INFO: [ app_init ] --START--
INFO: Run Behavior\BuildLiteBehavior [ RunTime:0.000095s ]
INFO: [ app_init ] --END-- [ RunTime:0.009769s ]
ERR: 无法加载模块:Public

[ 2016-08-14T02:49:44+08:00 ] 192.168.1.103 /public/images/looper-banner4.jpg
INFO: [ app_init ] --START--
INFO: Run Behavior\BuildLiteBehavior [ RunTime:0.000043s ]
INFO: [ app_init ] --END-- [ RunTime:0.006037s ]
ERR: 无法加载模块:Public

[ 2016-08-14T02:50:08+08:00 ] 192.168.1.103 /public/images/looper-banner4.jpg
INFO: [ app_init ] --START--
INFO: Run Behavior\BuildLiteBehavior [ RunTime:0.000049s ]
INFO: [ app_init ] --END-- [ RunTime:0.008803s ]
ERR: 无法加载模块:Public

[ 2016-08-14T02:52:02+08:00 ] 192.168.1.103 /public/images/looper-banner4.jpg
INFO: [ app_init ] --START--
INFO: Run Behavior\BuildLiteBehavior [ RunTime:0.000110s ]
INFO: [ app_init ] --END-- [ RunTime:0.006133s ]
ERR: 无法加载模块:Public

[ 2016-08-14T02:54:20+08:00 ] 192.168.1.103 /public/images/looper-banner4.jpg
INFO: [ app_init ] --START--
INFO: Run Behavior\BuildLiteBehavior [ RunTime:0.000038s ]
INFO: [ app_init ] --END-- [ RunTime:0.004318s ]
ERR: 无法加载模块:Public

[ 2016-08-14T02:54:24+08:00 ] 192.168.1.103 /public/images/looper-banner4.jpg
INFO: [ app_init ] --START--
INFO: Run Behavior\BuildLiteBehavior [ RunTime:0.000051s ]
INFO: [ app_init ] --END-- [ RunTime:0.003974s ]
ERR: 无法加载模块:Public

[ 2016-08-14T02:56:03+08:00 ] 192.168.1.103 /public/images/looper-banner4.jpg
INFO: [ app_init ] --START--
INFO: Run Behavior\BuildLiteBehavior [ RunTime:0.000034s ]
INFO: [ app_init ] --END-- [ RunTime:0.001803s ]
ERR: 无法加载模块:Public

[ 2016-08-14T02:56:05+08:00 ] 192.168.1.103 /public/images/looper-banner4.jpg
INFO: [ app_init ] --START--
INFO: Run Behavior\BuildLiteBehavior [ RunTime:0.000055s ]
INFO: [ app_init ] --END-- [ RunTime:0.004084s ]
ERR: 无法加载模块:Public

[ 2016-08-14T02:56:06+08:00 ] 192.168.1.103 /public/images/looper-banner4.jpg
INFO: [ app_init ] --START--
INFO: Run Behavior\BuildLiteBehavior [ RunTime:0.000062s ]
INFO: [ app_init ] --END-- [ RunTime:0.003922s ]
ERR: 无法加载模块:Public

[ 2016-08-14T02:56:06+08:00 ] 192.168.1.103 /public/images/looper-banner4.jpg
INFO: [ app_init ] --START--
INFO: Run Behavior\BuildLiteBehavior [ RunTime:0.000041s ]
INFO: [ app_init ] --END-- [ RunTime:0.005374s ]
ERR: 无法加载模块:Public

[ 2016-08-14T02:56:07+08:00 ] 192.168.1.103 /public/images/looper-banner4.jpg
INFO: [ app_init ] --START--
INFO: Run Behavior\BuildLiteBehavior [ RunTime:0.000034s ]
INFO: [ app_init ] --END-- [ RunTime:0.001752s ]
ERR: 无法加载模块:Public

[ 2016-08-14T02:56:54+08:00 ] 192.168.1.103 /public/images/looper-banner4.jpg
INFO: [ app_init ] --START--
INFO: Run Behavior\BuildLiteBehavior [ RunTime:0.000049s ]
INFO: [ app_init ] --END-- [ RunTime:0.002722s ]
ERR: 无法加载模块:Public

[ 2016-08-14T02:57:00+08:00 ] 192.168.1.103 /public/images/looper-banner4.jpg
INFO: [ app_init ] --START--
INFO: Run Behavior\BuildLiteBehavior [ RunTime:0.000039s ]
INFO: [ app_init ] --END-- [ RunTime:0.007125s ]
ERR: 无法加载模块:Public

[ 2016-08-14T02:57:04+08:00 ] 192.168.1.103 /public/images/looper-banner4.jpg
INFO: [ app_init ] --START--
INFO: Run Behavior\BuildLiteBehavior [ RunTime:0.000030s ]
INFO: [ app_init ] --END-- [ RunTime:0.001823s ]
ERR: 无法加载模块:Public

[ 2016-08-14T02:58:45+08:00 ] 192.168.1.103 /public/images/looper-banner4.jpg
INFO: [ app_init ] --START--
INFO: Run Behavior\BuildLiteBehavior [ RunTime:0.000200s ]
INFO: [ app_init ] --END-- [ RunTime:0.006243s ]
ERR: 无法加载模块:Public

[ 2016-08-14T03:00:30+08:00 ] 192.168.1.103 /public/images/looper-banner4.jpg
INFO: [ app_init ] --START--
INFO: Run Behavior\BuildLiteBehavior [ RunTime:0.000035s ]
INFO: [ app_init ] --END-- [ RunTime:0.001605s ]
ERR: 无法加载模块:Public

[ 2016-08-14T03:00:52+08:00 ] 192.168.1.103 /public/images/looper-banner4.jpg
INFO: [ app_init ] --START--
INFO: Run Behavior\BuildLiteBehavior [ RunTime:0.000048s ]
INFO: [ app_init ] --END-- [ RunTime:0.004606s ]
ERR: 无法加载模块:Public

[ 2016-08-14T03:01:23+08:00 ] 192.168.1.103 /public/images/looper-banner4.jpg
INFO: [ app_init ] --START--
INFO: Run Behavior\BuildLiteBehavior [ RunTime:0.000030s ]
INFO: [ app_init ] --END-- [ RunTime:0.002406s ]
ERR: 无法加载模块:Public

[ 2016-08-14T10:36:45+08:00 ] 192.168.1.103 /favicon.ico
INFO: [ app_init ] --START--
INFO: Run Behavior\BuildLiteBehavior [ RunTime:0.000067s ]
INFO: [ app_init ] --END-- [ RunTime:0.005564s ]
ERR: 无法加载模块:Favicon

